<?xml version="1.0" encoding="UTF-8"?>
<robot generator="Robot 6.1 (Python 3.11.4 on win32)" generated="20230626 20:52:07.625" rpa="false" schemaversion="4">
<suite id="s1" name="Api Testing Usuarios" source="c:\Users\pc01\Documents\CursoUdemy\RobotFramework\WebTesting\apitesting\tests\api_testing_usuarios.robot">
<test id="s1-t1" name="Cenário 01: Cadastrar um novo usuário com sucesso na ServeRest" line="8">
<kw name="Criar email aleatório para cadastrar novo usuário" library="api_testing_usuarios">
<kw name="Generate Random String" library="String">
<var>${palavra_aleatoria}</var>
<arg>length=4</arg>
<arg>chars=[LETTERS]</arg>
<doc>Generates a string with a desired ``length`` from the given ``chars``.</doc>
<msg timestamp="20230626 20:52:07.731" level="INFO">${palavra_aleatoria} = KbaE</msg>
<status status="PASS" starttime="20230626 20:52:07.731" endtime="20230626 20:52:07.733"/>
</kw>
<kw name="Convert To Lower Case" library="String">
<var>${palavra_aleatoria}</var>
<arg>${palavra_aleatoria}</arg>
<doc>Converts string to lower case.</doc>
<msg timestamp="20230626 20:52:07.733" level="INFO">${palavra_aleatoria} = kbae</msg>
<status status="PASS" starttime="20230626 20:52:07.733" endtime="20230626 20:52:07.734"/>
</kw>
<kw name="Set Test Variable" library="BuiltIn">
<arg>${EMAIL_TESTE}</arg>
<arg>${palavra_aleatoria}@emailteste.com</arg>
<doc>Makes a variable available everywhere within the scope of the current test.</doc>
<msg timestamp="20230626 20:52:07.735" level="INFO">${EMAIL_TESTE} = kbae@emailteste.com</msg>
<status status="PASS" starttime="20230626 20:52:07.734" endtime="20230626 20:52:07.735"/>
</kw>
<kw name="Log" library="BuiltIn">
<arg>${EMAIL_TESTE}</arg>
<doc>Logs the given message with the given level.</doc>
<msg timestamp="20230626 20:52:07.736" level="INFO">kbae@emailteste.com</msg>
<status status="PASS" starttime="20230626 20:52:07.736" endtime="20230626 20:52:07.737"/>
</kw>
<status status="PASS" starttime="20230626 20:52:07.731" endtime="20230626 20:52:07.737"/>
</kw>
<kw name="Cadastrar o usuário criado na ServeRest" library="api_testing_usuarios">
<arg>email=${EMAIL_TESTE}</arg>
<arg>status_code_desejado=201</arg>
<kw name="Create Dictionary" library="BuiltIn">
<var>${body}</var>
<arg>nome=Fulano da Silva</arg>
<arg>email=${email}</arg>
<arg>password=1234</arg>
<arg>administrador=true</arg>
<doc>Creates and returns a dictionary based on the given ``items``.</doc>
<msg timestamp="20230626 20:52:07.738" level="INFO">${body} = {'nome': 'Fulano da Silva', 'email': 'kbae@emailteste.com', 'password': '1234', 'administrador': 'true'}</msg>
<status status="PASS" starttime="20230626 20:52:07.738" endtime="20230626 20:52:07.738"/>
</kw>
<kw name="Log" library="BuiltIn">
<arg>${body}</arg>
<doc>Logs the given message with the given level.</doc>
<msg timestamp="20230626 20:52:07.739" level="INFO">{'nome': 'Fulano da Silva', 'email': 'kbae@emailteste.com', 'password': '1234', 'administrador': 'true'}</msg>
<status status="PASS" starttime="20230626 20:52:07.739" endtime="20230626 20:52:07.739"/>
</kw>
<kw name="Criar Sessão na ServeRest" library="api_testing_usuarios">
<kw name="Create Dictionary" library="BuiltIn">
<var>${headers}</var>
<arg>accept=application/json</arg>
<arg>Content-Type=application/json</arg>
<doc>Creates and returns a dictionary based on the given ``items``.</doc>
<msg timestamp="20230626 20:52:07.740" level="INFO">${headers} = {'accept': 'application/json', 'Content-Type': 'application/json'}</msg>
<status status="PASS" starttime="20230626 20:52:07.739" endtime="20230626 20:52:07.740"/>
</kw>
<kw name="Create Session" library="RequestsLibrary">
<arg>alias=ServeRest</arg>
<arg>url=https://serverest.dev</arg>
<arg>headers=${headers}</arg>
<doc>Create Session: create a HTTP session to a server</doc>
<msg timestamp="20230626 20:52:07.740" level="INFO">Creating Session using : alias=ServeRest, url=https://serverest.dev, headers={'accept': 'application/json', 'Content-Type': 'application/json'},                     cookies={}, auth=None, timeout=None, proxies=None, verify=False,                     debug=0 </msg>
<status status="PASS" starttime="20230626 20:52:07.740" endtime="20230626 20:52:07.741"/>
</kw>
<status status="PASS" starttime="20230626 20:52:07.739" endtime="20230626 20:52:07.741"/>
</kw>
<kw name="POST On Session" library="RequestsLibrary">
<var>${resposta}</var>
<arg>alias=ServeRest</arg>
<arg>url=/usuarios</arg>
<arg>json=${body}</arg>
<arg>expected_status=${status_code_desejado}</arg>
<doc>Sends a POST request on a previously created HTTP Session.</doc>
<msg timestamp="20230626 20:52:08.114" level="INFO">POST Request : url=https://serverest.dev/usuarios 
 path_url=/usuarios 
 headers={'User-Agent': 'python-requests/2.31.0', 'Accept-Encoding': 'gzip, deflate', 'accept': 'application/json', 'Connection': 'keep-alive', 'Content-Type': 'application/json', 'Content-Length': '104'} 
 body=b'{"nome": "Fulano da Silva", "email": "kbae@emailteste.com", "password": "1234", "administrador": "true"}' 
 </msg>
<msg timestamp="20230626 20:52:08.115" level="INFO">POST Response : url=https://serverest.dev/usuarios 
 status=201, reason=Created 
 headers={'access-control-allow-origin': '*', 'x-dns-prefetch-control': 'off', 'x-frame-options': 'SAMEORIGIN', 'strict-transport-security': 'max-age=15552000; includeSubDomains', 'x-download-options': 'noopen', 'x-content-type-options': 'nosniff', 'x-xss-protection': '1; mode=block', 'x-moesif-transaction-id': '19367bd5-aff6-4f76-86b0-04de99e630b1', 'content-type': 'application/json; charset=utf-8', 'X-Cloud-Trace-Context': '00d045e2f587cfd31981a2e439b1eb44', 'Date': 'Mon, 26 Jun 2023 23:52:08 GMT', 'Server': 'Google Frontend', 'Content-Length': '82'} 
 body={
    "message": "Cadastro realizado com sucesso",
    "_id": "8VvgLRM3Z83J4epz"
} 
 </msg>
<msg timestamp="20230626 20:52:08.116" level="INFO">C:\Users\pc01\AppData\Local\Programs\Python\Python311\Lib\site-packages\urllib3\connectionpool.py:1056: InsecureRequestWarning: Unverified HTTPS request is being made to host 'serverest.dev'. Adding certificate verification is strongly advised. See: https://urllib3.readthedocs.io/en/1.26.x/advanced-usage.html#ssl-warnings
  warnings.warn(</msg>
<msg timestamp="20230626 20:52:08.118" level="INFO">${resposta} = &lt;Response [201]&gt;</msg>
<status status="PASS" starttime="20230626 20:52:07.741" endtime="20230626 20:52:08.118"/>
</kw>
<kw name="Log" library="BuiltIn">
<arg>${resposta.json()}</arg>
<doc>Logs the given message with the given level.</doc>
<msg timestamp="20230626 20:52:08.119" level="INFO">{'message': 'Cadastro realizado com sucesso', '_id': '8VvgLRM3Z83J4epz'}</msg>
<status status="PASS" starttime="20230626 20:52:08.118" endtime="20230626 20:52:08.119"/>
</kw>
<if>
<branch type="IF" condition="${resposta.status_code} == 201">
<kw name="Set Test Variable" library="BuiltIn">
<arg>${ID_USUARIO}</arg>
<arg>${resposta.json()["_id"]}</arg>
<doc>Makes a variable available everywhere within the scope of the current test.</doc>
<msg timestamp="20230626 20:52:08.120" level="INFO">${ID_USUARIO} = 8VvgLRM3Z83J4epz</msg>
<status status="PASS" starttime="20230626 20:52:08.120" endtime="20230626 20:52:08.121"/>
</kw>
<status status="PASS" starttime="20230626 20:52:08.119" endtime="20230626 20:52:08.121"/>
</branch>
<status status="PASS" starttime="20230626 20:52:08.119" endtime="20230626 20:52:08.121"/>
</if>
<kw name="Set Test Variable" library="BuiltIn">
<arg>${RESPOSTA}</arg>
<arg>${resposta.json()}</arg>
<doc>Makes a variable available everywhere within the scope of the current test.</doc>
<msg timestamp="20230626 20:52:08.121" level="INFO">${RESPOSTA} = {'message': 'Cadastro realizado com sucesso', '_id': '8VvgLRM3Z83J4epz'}</msg>
<status status="PASS" starttime="20230626 20:52:08.121" endtime="20230626 20:52:08.122"/>
</kw>
<status status="PASS" starttime="20230626 20:52:07.737" endtime="20230626 20:52:08.122"/>
</kw>
<kw name="Conferir se o usuário foi cadastrado corretamente" library="api_testing_usuarios">
<kw name="Log" library="BuiltIn">
<arg>${RESPOSTA}</arg>
<doc>Logs the given message with the given level.</doc>
<msg timestamp="20230626 20:52:08.123" level="INFO">{'message': 'Cadastro realizado com sucesso', '_id': '8VvgLRM3Z83J4epz'}</msg>
<status status="PASS" starttime="20230626 20:52:08.122" endtime="20230626 20:52:08.123"/>
</kw>
<kw name="Dictionary Should Contain Item" library="Collections">
<arg>${RESPOSTA}</arg>
<arg>message</arg>
<arg>Cadastro realizado com sucesso</arg>
<doc>An item of ``key`` / ``value`` must be found in a ``dictionary``.</doc>
<status status="PASS" starttime="20230626 20:52:08.123" endtime="20230626 20:52:08.123"/>
</kw>
<kw name="Dictionary Should Contain Key" library="Collections">
<arg>${RESPOSTA}</arg>
<arg>key=_id</arg>
<doc>Fails if ``key`` is not found from ``dictionary``.</doc>
<status status="PASS" starttime="20230626 20:52:08.123" endtime="20230626 20:52:08.124"/>
</kw>
<status status="PASS" starttime="20230626 20:52:08.122" endtime="20230626 20:52:08.124"/>
</kw>
<status status="PASS" starttime="20230626 20:52:07.730" endtime="20230626 20:52:08.124"/>
</test>
<test id="s1-t2" name="Cenário 02: Cadastrar um usuário já existente" line="13">
<kw name="Criar email aleatório para cadastrar novo usuário" library="api_testing_usuarios">
<kw name="Generate Random String" library="String">
<var>${palavra_aleatoria}</var>
<arg>length=4</arg>
<arg>chars=[LETTERS]</arg>
<doc>Generates a string with a desired ``length`` from the given ``chars``.</doc>
<msg timestamp="20230626 20:52:08.126" level="INFO">${palavra_aleatoria} = RCJP</msg>
<status status="PASS" starttime="20230626 20:52:08.126" endtime="20230626 20:52:08.126"/>
</kw>
<kw name="Convert To Lower Case" library="String">
<var>${palavra_aleatoria}</var>
<arg>${palavra_aleatoria}</arg>
<doc>Converts string to lower case.</doc>
<msg timestamp="20230626 20:52:08.126" level="INFO">${palavra_aleatoria} = rcjp</msg>
<status status="PASS" starttime="20230626 20:52:08.126" endtime="20230626 20:52:08.127"/>
</kw>
<kw name="Set Test Variable" library="BuiltIn">
<arg>${EMAIL_TESTE}</arg>
<arg>${palavra_aleatoria}@emailteste.com</arg>
<doc>Makes a variable available everywhere within the scope of the current test.</doc>
<msg timestamp="20230626 20:52:08.127" level="INFO">${EMAIL_TESTE} = rcjp@emailteste.com</msg>
<status status="PASS" starttime="20230626 20:52:08.127" endtime="20230626 20:52:08.127"/>
</kw>
<kw name="Log" library="BuiltIn">
<arg>${EMAIL_TESTE}</arg>
<doc>Logs the given message with the given level.</doc>
<msg timestamp="20230626 20:52:08.128" level="INFO">rcjp@emailteste.com</msg>
<status status="PASS" starttime="20230626 20:52:08.128" endtime="20230626 20:52:08.128"/>
</kw>
<status status="PASS" starttime="20230626 20:52:08.125" endtime="20230626 20:52:08.128"/>
</kw>
<kw name="Cadastrar o usuário criado na ServeRest" library="api_testing_usuarios">
<arg>email=${EMAIL_TESTE}</arg>
<arg>status_code_desejado=201</arg>
<kw name="Create Dictionary" library="BuiltIn">
<var>${body}</var>
<arg>nome=Fulano da Silva</arg>
<arg>email=${email}</arg>
<arg>password=1234</arg>
<arg>administrador=true</arg>
<doc>Creates and returns a dictionary based on the given ``items``.</doc>
<msg timestamp="20230626 20:52:08.129" level="INFO">${body} = {'nome': 'Fulano da Silva', 'email': 'rcjp@emailteste.com', 'password': '1234', 'administrador': 'true'}</msg>
<status status="PASS" starttime="20230626 20:52:08.129" endtime="20230626 20:52:08.129"/>
</kw>
<kw name="Log" library="BuiltIn">
<arg>${body}</arg>
<doc>Logs the given message with the given level.</doc>
<msg timestamp="20230626 20:52:08.130" level="INFO">{'nome': 'Fulano da Silva', 'email': 'rcjp@emailteste.com', 'password': '1234', 'administrador': 'true'}</msg>
<status status="PASS" starttime="20230626 20:52:08.130" endtime="20230626 20:52:08.130"/>
</kw>
<kw name="Criar Sessão na ServeRest" library="api_testing_usuarios">
<kw name="Create Dictionary" library="BuiltIn">
<var>${headers}</var>
<arg>accept=application/json</arg>
<arg>Content-Type=application/json</arg>
<doc>Creates and returns a dictionary based on the given ``items``.</doc>
<msg timestamp="20230626 20:52:08.131" level="INFO">${headers} = {'accept': 'application/json', 'Content-Type': 'application/json'}</msg>
<status status="PASS" starttime="20230626 20:52:08.130" endtime="20230626 20:52:08.131"/>
</kw>
<kw name="Create Session" library="RequestsLibrary">
<arg>alias=ServeRest</arg>
<arg>url=https://serverest.dev</arg>
<arg>headers=${headers}</arg>
<doc>Create Session: create a HTTP session to a server</doc>
<msg timestamp="20230626 20:52:08.131" level="INFO">Creating Session using : alias=ServeRest, url=https://serverest.dev, headers={'accept': 'application/json', 'Content-Type': 'application/json'},                     cookies={}, auth=None, timeout=None, proxies=None, verify=False,                     debug=0 </msg>
<status status="PASS" starttime="20230626 20:52:08.131" endtime="20230626 20:52:08.131"/>
</kw>
<status status="PASS" starttime="20230626 20:52:08.130" endtime="20230626 20:52:08.131"/>
</kw>
<kw name="POST On Session" library="RequestsLibrary">
<var>${resposta}</var>
<arg>alias=ServeRest</arg>
<arg>url=/usuarios</arg>
<arg>json=${body}</arg>
<arg>expected_status=${status_code_desejado}</arg>
<doc>Sends a POST request on a previously created HTTP Session.</doc>
<msg timestamp="20230626 20:52:08.496" level="INFO">POST Request : url=https://serverest.dev/usuarios 
 path_url=/usuarios 
 headers={'User-Agent': 'python-requests/2.31.0', 'Accept-Encoding': 'gzip, deflate', 'accept': 'application/json', 'Connection': 'keep-alive', 'Content-Type': 'application/json', 'Content-Length': '104'} 
 body=b'{"nome": "Fulano da Silva", "email": "rcjp@emailteste.com", "password": "1234", "administrador": "true"}' 
 </msg>
<msg timestamp="20230626 20:52:08.496" level="INFO">POST Response : url=https://serverest.dev/usuarios 
 status=201, reason=Created 
 headers={'access-control-allow-origin': '*', 'x-dns-prefetch-control': 'off', 'x-frame-options': 'SAMEORIGIN', 'strict-transport-security': 'max-age=15552000; includeSubDomains', 'x-download-options': 'noopen', 'x-content-type-options': 'nosniff', 'x-xss-protection': '1; mode=block', 'x-moesif-transaction-id': '355d28df-1140-4b55-8b33-285761fb21fa', 'content-type': 'application/json; charset=utf-8', 'X-Cloud-Trace-Context': 'e62a948c6221a652fc8abac014c20fef', 'Date': 'Mon, 26 Jun 2023 23:52:08 GMT', 'Server': 'Google Frontend', 'Content-Length': '82'} 
 body={
    "message": "Cadastro realizado com sucesso",
    "_id": "q3KpSj0Rxc4Zjs5q"
} 
 </msg>
<msg timestamp="20230626 20:52:08.496" level="INFO">C:\Users\pc01\AppData\Local\Programs\Python\Python311\Lib\site-packages\urllib3\connectionpool.py:1056: InsecureRequestWarning: Unverified HTTPS request is being made to host 'serverest.dev'. Adding certificate verification is strongly advised. See: https://urllib3.readthedocs.io/en/1.26.x/advanced-usage.html#ssl-warnings
  warnings.warn(</msg>
<msg timestamp="20230626 20:52:08.497" level="INFO">${resposta} = &lt;Response [201]&gt;</msg>
<status status="PASS" starttime="20230626 20:52:08.132" endtime="20230626 20:52:08.497"/>
</kw>
<kw name="Log" library="BuiltIn">
<arg>${resposta.json()}</arg>
<doc>Logs the given message with the given level.</doc>
<msg timestamp="20230626 20:52:08.498" level="INFO">{'message': 'Cadastro realizado com sucesso', '_id': 'q3KpSj0Rxc4Zjs5q'}</msg>
<status status="PASS" starttime="20230626 20:52:08.497" endtime="20230626 20:52:08.498"/>
</kw>
<if>
<branch type="IF" condition="${resposta.status_code} == 201">
<kw name="Set Test Variable" library="BuiltIn">
<arg>${ID_USUARIO}</arg>
<arg>${resposta.json()["_id"]}</arg>
<doc>Makes a variable available everywhere within the scope of the current test.</doc>
<msg timestamp="20230626 20:52:08.500" level="INFO">${ID_USUARIO} = q3KpSj0Rxc4Zjs5q</msg>
<status status="PASS" starttime="20230626 20:52:08.499" endtime="20230626 20:52:08.500"/>
</kw>
<status status="PASS" starttime="20230626 20:52:08.498" endtime="20230626 20:52:08.500"/>
</branch>
<status status="PASS" starttime="20230626 20:52:08.498" endtime="20230626 20:52:08.500"/>
</if>
<kw name="Set Test Variable" library="BuiltIn">
<arg>${RESPOSTA}</arg>
<arg>${resposta.json()}</arg>
<doc>Makes a variable available everywhere within the scope of the current test.</doc>
<msg timestamp="20230626 20:52:08.501" level="INFO">${RESPOSTA} = {'message': 'Cadastro realizado com sucesso', '_id': 'q3KpSj0Rxc4Zjs5q'}</msg>
<status status="PASS" starttime="20230626 20:52:08.500" endtime="20230626 20:52:08.501"/>
</kw>
<status status="PASS" starttime="20230626 20:52:08.128" endtime="20230626 20:52:08.501"/>
</kw>
<kw name="Vou repetir o cadastro do usuário" library="api_testing_usuarios">
<kw name="Cadastrar o usuário criado na ServeRest" library="api_testing_usuarios">
<arg>email=${EMAIL_TESTE}</arg>
<arg>status_code_desejado=400</arg>
<kw name="Create Dictionary" library="BuiltIn">
<var>${body}</var>
<arg>nome=Fulano da Silva</arg>
<arg>email=${email}</arg>
<arg>password=1234</arg>
<arg>administrador=true</arg>
<doc>Creates and returns a dictionary based on the given ``items``.</doc>
<msg timestamp="20230626 20:52:08.502" level="INFO">${body} = {'nome': 'Fulano da Silva', 'email': 'rcjp@emailteste.com', 'password': '1234', 'administrador': 'true'}</msg>
<status status="PASS" starttime="20230626 20:52:08.502" endtime="20230626 20:52:08.502"/>
</kw>
<kw name="Log" library="BuiltIn">
<arg>${body}</arg>
<doc>Logs the given message with the given level.</doc>
<msg timestamp="20230626 20:52:08.503" level="INFO">{'nome': 'Fulano da Silva', 'email': 'rcjp@emailteste.com', 'password': '1234', 'administrador': 'true'}</msg>
<status status="PASS" starttime="20230626 20:52:08.502" endtime="20230626 20:52:08.503"/>
</kw>
<kw name="Criar Sessão na ServeRest" library="api_testing_usuarios">
<kw name="Create Dictionary" library="BuiltIn">
<var>${headers}</var>
<arg>accept=application/json</arg>
<arg>Content-Type=application/json</arg>
<doc>Creates and returns a dictionary based on the given ``items``.</doc>
<msg timestamp="20230626 20:52:08.503" level="INFO">${headers} = {'accept': 'application/json', 'Content-Type': 'application/json'}</msg>
<status status="PASS" starttime="20230626 20:52:08.503" endtime="20230626 20:52:08.504"/>
</kw>
<kw name="Create Session" library="RequestsLibrary">
<arg>alias=ServeRest</arg>
<arg>url=https://serverest.dev</arg>
<arg>headers=${headers}</arg>
<doc>Create Session: create a HTTP session to a server</doc>
<msg timestamp="20230626 20:52:08.504" level="INFO">Creating Session using : alias=ServeRest, url=https://serverest.dev, headers={'accept': 'application/json', 'Content-Type': 'application/json'},                     cookies={}, auth=None, timeout=None, proxies=None, verify=False,                     debug=0 </msg>
<status status="PASS" starttime="20230626 20:52:08.504" endtime="20230626 20:52:08.504"/>
</kw>
<status status="PASS" starttime="20230626 20:52:08.503" endtime="20230626 20:52:08.504"/>
</kw>
<kw name="POST On Session" library="RequestsLibrary">
<var>${resposta}</var>
<arg>alias=ServeRest</arg>
<arg>url=/usuarios</arg>
<arg>json=${body}</arg>
<arg>expected_status=${status_code_desejado}</arg>
<doc>Sends a POST request on a previously created HTTP Session.</doc>
<msg timestamp="20230626 20:52:08.874" level="INFO">POST Request : url=https://serverest.dev/usuarios 
 path_url=/usuarios 
 headers={'User-Agent': 'python-requests/2.31.0', 'Accept-Encoding': 'gzip, deflate', 'accept': 'application/json', 'Connection': 'keep-alive', 'Content-Type': 'application/json', 'Content-Length': '104'} 
 body=b'{"nome": "Fulano da Silva", "email": "rcjp@emailteste.com", "password": "1234", "administrador": "true"}' 
 </msg>
<msg timestamp="20230626 20:52:08.875" level="INFO">POST Response : url=https://serverest.dev/usuarios 
 status=400, reason=Bad Request 
 headers={'access-control-allow-origin': '*', 'x-dns-prefetch-control': 'off', 'x-frame-options': 'SAMEORIGIN', 'strict-transport-security': 'max-age=15552000; includeSubDomains', 'x-download-options': 'noopen', 'x-content-type-options': 'nosniff', 'x-xss-protection': '1; mode=block', 'x-moesif-transaction-id': 'e54b92aa-5246-46ad-95fa-53cf0444baf8', 'content-type': 'application/json; charset=utf-8', 'X-Cloud-Trace-Context': '555eedf3a1b86791abc2b95c7d60c02c', 'Date': 'Mon, 26 Jun 2023 23:52:09 GMT', 'Server': 'Google Frontend', 'Content-Length': '53'} 
 body={
    "message": "Este email já está sendo usado"
} 
 </msg>
<msg timestamp="20230626 20:52:08.875" level="INFO">C:\Users\pc01\AppData\Local\Programs\Python\Python311\Lib\site-packages\urllib3\connectionpool.py:1056: InsecureRequestWarning: Unverified HTTPS request is being made to host 'serverest.dev'. Adding certificate verification is strongly advised. See: https://urllib3.readthedocs.io/en/1.26.x/advanced-usage.html#ssl-warnings
  warnings.warn(</msg>
<msg timestamp="20230626 20:52:08.875" level="INFO">${resposta} = &lt;Response [400]&gt;</msg>
<status status="PASS" starttime="20230626 20:52:08.505" endtime="20230626 20:52:08.875"/>
</kw>
<kw name="Log" library="BuiltIn">
<arg>${resposta.json()}</arg>
<doc>Logs the given message with the given level.</doc>
<msg timestamp="20230626 20:52:08.876" level="INFO">{'message': 'Este email já está sendo usado'}</msg>
<status status="PASS" starttime="20230626 20:52:08.876" endtime="20230626 20:52:08.876"/>
</kw>
<if>
<branch type="IF" condition="${resposta.status_code} == 201">
<kw name="Set Test Variable" library="BuiltIn">
<arg>${ID_USUARIO}</arg>
<arg>${resposta.json()["_id"]}</arg>
<doc>Makes a variable available everywhere within the scope of the current test.</doc>
<status status="NOT RUN" starttime="20230626 20:52:08.877" endtime="20230626 20:52:08.877"/>
</kw>
<status status="NOT RUN" starttime="20230626 20:52:08.876" endtime="20230626 20:52:08.877"/>
</branch>
<status status="PASS" starttime="20230626 20:52:08.876" endtime="20230626 20:52:08.877"/>
</if>
<kw name="Set Test Variable" library="BuiltIn">
<arg>${RESPOSTA}</arg>
<arg>${resposta.json()}</arg>
<doc>Makes a variable available everywhere within the scope of the current test.</doc>
<msg timestamp="20230626 20:52:08.878" level="INFO">${RESPOSTA} = {'message': 'Este email já está sendo usado'}</msg>
<status status="PASS" starttime="20230626 20:52:08.877" endtime="20230626 20:52:08.878"/>
</kw>
<status status="PASS" starttime="20230626 20:52:08.502" endtime="20230626 20:52:08.878"/>
</kw>
<status status="PASS" starttime="20230626 20:52:08.501" endtime="20230626 20:52:08.878"/>
</kw>
<kw name="Verificar se a API não permitiu o cadastro repetido" library="api_testing_usuarios">
<kw name="Dictionary Should Contain Item" library="Collections">
<arg>${RESPOSTA}</arg>
<arg>message</arg>
<arg>Este email já está sendo usado</arg>
<doc>An item of ``key`` / ``value`` must be found in a ``dictionary``.</doc>
<status status="PASS" starttime="20230626 20:52:08.878" endtime="20230626 20:52:08.880"/>
</kw>
<status status="PASS" starttime="20230626 20:52:08.878" endtime="20230626 20:52:08.880"/>
</kw>
<status status="PASS" starttime="20230626 20:52:08.125" endtime="20230626 20:52:08.880"/>
</test>
<test id="s1-t3" name="Cenário 03: Consultar os dados de um novo usuário" line="19">
<kw name="Criar email aleatório para cadastrar novo usuário" library="api_testing_usuarios">
<kw name="Generate Random String" library="String">
<var>${palavra_aleatoria}</var>
<arg>length=4</arg>
<arg>chars=[LETTERS]</arg>
<doc>Generates a string with a desired ``length`` from the given ``chars``.</doc>
<msg timestamp="20230626 20:52:08.882" level="INFO">${palavra_aleatoria} = sWCs</msg>
<status status="PASS" starttime="20230626 20:52:08.882" endtime="20230626 20:52:08.882"/>
</kw>
<kw name="Convert To Lower Case" library="String">
<var>${palavra_aleatoria}</var>
<arg>${palavra_aleatoria}</arg>
<doc>Converts string to lower case.</doc>
<msg timestamp="20230626 20:52:08.882" level="INFO">${palavra_aleatoria} = swcs</msg>
<status status="PASS" starttime="20230626 20:52:08.882" endtime="20230626 20:52:08.883"/>
</kw>
<kw name="Set Test Variable" library="BuiltIn">
<arg>${EMAIL_TESTE}</arg>
<arg>${palavra_aleatoria}@emailteste.com</arg>
<doc>Makes a variable available everywhere within the scope of the current test.</doc>
<msg timestamp="20230626 20:52:08.883" level="INFO">${EMAIL_TESTE} = swcs@emailteste.com</msg>
<status status="PASS" starttime="20230626 20:52:08.883" endtime="20230626 20:52:08.883"/>
</kw>
<kw name="Log" library="BuiltIn">
<arg>${EMAIL_TESTE}</arg>
<doc>Logs the given message with the given level.</doc>
<msg timestamp="20230626 20:52:08.884" level="INFO">swcs@emailteste.com</msg>
<status status="PASS" starttime="20230626 20:52:08.884" endtime="20230626 20:52:08.884"/>
</kw>
<status status="PASS" starttime="20230626 20:52:08.881" endtime="20230626 20:52:08.884"/>
</kw>
<kw name="Cadastrar o usuário criado na ServeRest" library="api_testing_usuarios">
<arg>email=${EMAIL_TESTE}</arg>
<arg>status_code_desejado=201</arg>
<kw name="Create Dictionary" library="BuiltIn">
<var>${body}</var>
<arg>nome=Fulano da Silva</arg>
<arg>email=${email}</arg>
<arg>password=1234</arg>
<arg>administrador=true</arg>
<doc>Creates and returns a dictionary based on the given ``items``.</doc>
<msg timestamp="20230626 20:52:08.885" level="INFO">${body} = {'nome': 'Fulano da Silva', 'email': 'swcs@emailteste.com', 'password': '1234', 'administrador': 'true'}</msg>
<status status="PASS" starttime="20230626 20:52:08.885" endtime="20230626 20:52:08.885"/>
</kw>
<kw name="Log" library="BuiltIn">
<arg>${body}</arg>
<doc>Logs the given message with the given level.</doc>
<msg timestamp="20230626 20:52:08.885" level="INFO">{'nome': 'Fulano da Silva', 'email': 'swcs@emailteste.com', 'password': '1234', 'administrador': 'true'}</msg>
<status status="PASS" starttime="20230626 20:52:08.885" endtime="20230626 20:52:08.886"/>
</kw>
<kw name="Criar Sessão na ServeRest" library="api_testing_usuarios">
<kw name="Create Dictionary" library="BuiltIn">
<var>${headers}</var>
<arg>accept=application/json</arg>
<arg>Content-Type=application/json</arg>
<doc>Creates and returns a dictionary based on the given ``items``.</doc>
<msg timestamp="20230626 20:52:08.886" level="INFO">${headers} = {'accept': 'application/json', 'Content-Type': 'application/json'}</msg>
<status status="PASS" starttime="20230626 20:52:08.886" endtime="20230626 20:52:08.886"/>
</kw>
<kw name="Create Session" library="RequestsLibrary">
<arg>alias=ServeRest</arg>
<arg>url=https://serverest.dev</arg>
<arg>headers=${headers}</arg>
<doc>Create Session: create a HTTP session to a server</doc>
<msg timestamp="20230626 20:52:08.887" level="INFO">Creating Session using : alias=ServeRest, url=https://serverest.dev, headers={'accept': 'application/json', 'Content-Type': 'application/json'},                     cookies={}, auth=None, timeout=None, proxies=None, verify=False,                     debug=0 </msg>
<status status="PASS" starttime="20230626 20:52:08.886" endtime="20230626 20:52:08.887"/>
</kw>
<status status="PASS" starttime="20230626 20:52:08.886" endtime="20230626 20:52:08.887"/>
</kw>
<kw name="POST On Session" library="RequestsLibrary">
<var>${resposta}</var>
<arg>alias=ServeRest</arg>
<arg>url=/usuarios</arg>
<arg>json=${body}</arg>
<arg>expected_status=${status_code_desejado}</arg>
<doc>Sends a POST request on a previously created HTTP Session.</doc>
<msg timestamp="20230626 20:52:09.245" level="INFO">POST Request : url=https://serverest.dev/usuarios 
 path_url=/usuarios 
 headers={'User-Agent': 'python-requests/2.31.0', 'Accept-Encoding': 'gzip, deflate', 'accept': 'application/json', 'Connection': 'keep-alive', 'Content-Type': 'application/json', 'Content-Length': '104'} 
 body=b'{"nome": "Fulano da Silva", "email": "swcs@emailteste.com", "password": "1234", "administrador": "true"}' 
 </msg>
<msg timestamp="20230626 20:52:09.246" level="INFO">POST Response : url=https://serverest.dev/usuarios 
 status=201, reason=Created 
 headers={'access-control-allow-origin': '*', 'x-dns-prefetch-control': 'off', 'x-frame-options': 'SAMEORIGIN', 'strict-transport-security': 'max-age=15552000; includeSubDomains', 'x-download-options': 'noopen', 'x-content-type-options': 'nosniff', 'x-xss-protection': '1; mode=block', 'x-moesif-transaction-id': 'bb29f5c3-65b2-4ad8-8e40-9af40ab159c1', 'content-type': 'application/json; charset=utf-8', 'X-Cloud-Trace-Context': 'f35520ec6060e6f6d21a76ce177ac906', 'Date': 'Mon, 26 Jun 2023 23:52:09 GMT', 'Server': 'Google Frontend', 'Content-Length': '82'} 
 body={
    "message": "Cadastro realizado com sucesso",
    "_id": "qpscBc1qXZo2IgEe"
} 
 </msg>
<msg timestamp="20230626 20:52:09.246" level="INFO">C:\Users\pc01\AppData\Local\Programs\Python\Python311\Lib\site-packages\urllib3\connectionpool.py:1056: InsecureRequestWarning: Unverified HTTPS request is being made to host 'serverest.dev'. Adding certificate verification is strongly advised. See: https://urllib3.readthedocs.io/en/1.26.x/advanced-usage.html#ssl-warnings
  warnings.warn(</msg>
<msg timestamp="20230626 20:52:09.247" level="INFO">${resposta} = &lt;Response [201]&gt;</msg>
<status status="PASS" starttime="20230626 20:52:08.887" endtime="20230626 20:52:09.247"/>
</kw>
<kw name="Log" library="BuiltIn">
<arg>${resposta.json()}</arg>
<doc>Logs the given message with the given level.</doc>
<msg timestamp="20230626 20:52:09.248" level="INFO">{'message': 'Cadastro realizado com sucesso', '_id': 'qpscBc1qXZo2IgEe'}</msg>
<status status="PASS" starttime="20230626 20:52:09.247" endtime="20230626 20:52:09.248"/>
</kw>
<if>
<branch type="IF" condition="${resposta.status_code} == 201">
<kw name="Set Test Variable" library="BuiltIn">
<arg>${ID_USUARIO}</arg>
<arg>${resposta.json()["_id"]}</arg>
<doc>Makes a variable available everywhere within the scope of the current test.</doc>
<msg timestamp="20230626 20:52:09.251" level="INFO">${ID_USUARIO} = qpscBc1qXZo2IgEe</msg>
<status status="PASS" starttime="20230626 20:52:09.250" endtime="20230626 20:52:09.251"/>
</kw>
<status status="PASS" starttime="20230626 20:52:09.249" endtime="20230626 20:52:09.251"/>
</branch>
<status status="PASS" starttime="20230626 20:52:09.249" endtime="20230626 20:52:09.251"/>
</if>
<kw name="Set Test Variable" library="BuiltIn">
<arg>${RESPOSTA}</arg>
<arg>${resposta.json()}</arg>
<doc>Makes a variable available everywhere within the scope of the current test.</doc>
<msg timestamp="20230626 20:52:09.252" level="INFO">${RESPOSTA} = {'message': 'Cadastro realizado com sucesso', '_id': 'qpscBc1qXZo2IgEe'}</msg>
<status status="PASS" starttime="20230626 20:52:09.251" endtime="20230626 20:52:09.252"/>
</kw>
<status status="PASS" starttime="20230626 20:52:08.884" endtime="20230626 20:52:09.252"/>
</kw>
<kw name="Consultar os dados do novo usuário" library="api_testing_usuarios">
<kw name="GET On Session" library="RequestsLibrary">
<var>${resposta_consulta}</var>
<arg>alias=ServeRest</arg>
<arg>url=/usuarios/${ID_USUARIO}</arg>
<arg>expected_status=200</arg>
<doc>Sends a GET request on a previously created HTTP Session.</doc>
<msg timestamp="20230626 20:52:09.423" level="INFO">GET Request : url=https://serverest.dev/usuarios/qpscBc1qXZo2IgEe 
 path_url=/usuarios/qpscBc1qXZo2IgEe 
 headers={'User-Agent': 'python-requests/2.31.0', 'Accept-Encoding': 'gzip, deflate', 'accept': 'application/json', 'Connection': 'keep-alive', 'Content-Type': 'application/json'} 
 body=None 
 </msg>
<msg timestamp="20230626 20:52:09.423" level="INFO">GET Response : url=https://serverest.dev/usuarios/qpscBc1qXZo2IgEe 
 status=200, reason=OK 
 headers={'access-control-allow-origin': '*', 'x-dns-prefetch-control': 'off', 'x-frame-options': 'SAMEORIGIN', 'strict-transport-security': 'max-age=15552000; includeSubDomains', 'x-download-options': 'noopen', 'x-content-type-options': 'nosniff', 'x-xss-protection': '1; mode=block', 'x-moesif-transaction-id': '45cb5a2a-d55f-442b-8753-f52fd2447217', 'content-type': 'application/json; charset=utf-8', 'X-Cloud-Trace-Context': 'f8f2c296b6c839801cf689a0f7d17aea', 'Date': 'Mon, 26 Jun 2023 23:52:09 GMT', 'Server': 'Google Frontend', 'Content-Length': '153'} 
 body={
    "nome": "Fulano da Silva",
    "email": "swcs@emailteste.com",
    "password": "1234",
    "administrador": "true",
    "_id": "qpscBc1qXZo2IgEe"
} 
 </msg>
<msg timestamp="20230626 20:52:09.423" level="INFO">C:\Users\pc01\AppData\Local\Programs\Python\Python311\Lib\site-packages\urllib3\connectionpool.py:1056: InsecureRequestWarning: Unverified HTTPS request is being made to host 'serverest.dev'. Adding certificate verification is strongly advised. See: https://urllib3.readthedocs.io/en/1.26.x/advanced-usage.html#ssl-warnings
  warnings.warn(</msg>
<msg timestamp="20230626 20:52:09.424" level="INFO">${resposta_consulta} = &lt;Response [200]&gt;</msg>
<status status="PASS" starttime="20230626 20:52:09.253" endtime="20230626 20:52:09.424"/>
</kw>
<kw name="Set Test Variable" library="BuiltIn">
<arg>${RESP_CONSULTA}</arg>
<arg>${resposta_consulta.json()}</arg>
<doc>Makes a variable available everywhere within the scope of the current test.</doc>
<msg timestamp="20230626 20:52:09.425" level="INFO">${RESP_CONSULTA} = {'nome': 'Fulano da Silva', 'email': 'swcs@emailteste.com', 'password': '1234', 'administrador': 'true', '_id': 'qpscBc1qXZo2IgEe'}</msg>
<status status="PASS" starttime="20230626 20:52:09.424" endtime="20230626 20:52:09.425"/>
</kw>
<status status="PASS" starttime="20230626 20:52:09.252" endtime="20230626 20:52:09.425"/>
</kw>
<kw name="Conferir os dados retornados" library="api_testing_usuarios">
<kw name="Log" library="BuiltIn">
<arg>${RESP_CONSULTA}</arg>
<doc>Logs the given message with the given level.</doc>
<msg timestamp="20230626 20:52:09.426" level="INFO">{'nome': 'Fulano da Silva', 'email': 'swcs@emailteste.com', 'password': '1234', 'administrador': 'true', '_id': 'qpscBc1qXZo2IgEe'}</msg>
<status status="PASS" starttime="20230626 20:52:09.426" endtime="20230626 20:52:09.426"/>
</kw>
<kw name="Dictionary Should Contain Item" library="Collections">
<arg>${RESP_CONSULTA}</arg>
<arg>nome</arg>
<arg>Fulano da Silva</arg>
<doc>An item of ``key`` / ``value`` must be found in a ``dictionary``.</doc>
<status status="PASS" starttime="20230626 20:52:09.426" endtime="20230626 20:52:09.427"/>
</kw>
<kw name="Dictionary Should Contain Item" library="Collections">
<arg>${RESP_CONSULTA}</arg>
<arg>email</arg>
<arg>${EMAIL_TESTE}</arg>
<doc>An item of ``key`` / ``value`` must be found in a ``dictionary``.</doc>
<status status="PASS" starttime="20230626 20:52:09.427" endtime="20230626 20:52:09.427"/>
</kw>
<kw name="Dictionary Should Contain Item" library="Collections">
<arg>${RESP_CONSULTA}</arg>
<arg>password</arg>
<arg>1234</arg>
<doc>An item of ``key`` / ``value`` must be found in a ``dictionary``.</doc>
<status status="PASS" starttime="20230626 20:52:09.427" endtime="20230626 20:52:09.427"/>
</kw>
<kw name="Dictionary Should Contain Item" library="Collections">
<arg>${RESP_CONSULTA}</arg>
<arg>administrador</arg>
<arg>true</arg>
<doc>An item of ``key`` / ``value`` must be found in a ``dictionary``.</doc>
<status status="PASS" starttime="20230626 20:52:09.428" endtime="20230626 20:52:09.428"/>
</kw>
<kw name="Dictionary Should Contain Item" library="Collections">
<arg>${RESP_CONSULTA}</arg>
<arg>_id</arg>
<arg>${ID_USUARIO}</arg>
<doc>An item of ``key`` / ``value`` must be found in a ``dictionary``.</doc>
<status status="PASS" starttime="20230626 20:52:09.428" endtime="20230626 20:52:09.428"/>
</kw>
<status status="PASS" starttime="20230626 20:52:09.426" endtime="20230626 20:52:09.428"/>
</kw>
<status status="PASS" starttime="20230626 20:52:08.881" endtime="20230626 20:52:09.429"/>
</test>
<test id="s1-t4" name="Cenário 04: Logar com o novo usuário criado" line="25">
<kw name="Criar email aleatório para cadastrar novo usuário" library="api_testing_usuarios">
<kw name="Generate Random String" library="String">
<var>${palavra_aleatoria}</var>
<arg>length=4</arg>
<arg>chars=[LETTERS]</arg>
<doc>Generates a string with a desired ``length`` from the given ``chars``.</doc>
<msg timestamp="20230626 20:52:09.430" level="INFO">${palavra_aleatoria} = aeKy</msg>
<status status="PASS" starttime="20230626 20:52:09.430" endtime="20230626 20:52:09.431"/>
</kw>
<kw name="Convert To Lower Case" library="String">
<var>${palavra_aleatoria}</var>
<arg>${palavra_aleatoria}</arg>
<doc>Converts string to lower case.</doc>
<msg timestamp="20230626 20:52:09.431" level="INFO">${palavra_aleatoria} = aeky</msg>
<status status="PASS" starttime="20230626 20:52:09.431" endtime="20230626 20:52:09.431"/>
</kw>
<kw name="Set Test Variable" library="BuiltIn">
<arg>${EMAIL_TESTE}</arg>
<arg>${palavra_aleatoria}@emailteste.com</arg>
<doc>Makes a variable available everywhere within the scope of the current test.</doc>
<msg timestamp="20230626 20:52:09.432" level="INFO">${EMAIL_TESTE} = aeky@emailteste.com</msg>
<status status="PASS" starttime="20230626 20:52:09.431" endtime="20230626 20:52:09.432"/>
</kw>
<kw name="Log" library="BuiltIn">
<arg>${EMAIL_TESTE}</arg>
<doc>Logs the given message with the given level.</doc>
<msg timestamp="20230626 20:52:09.433" level="INFO">aeky@emailteste.com</msg>
<status status="PASS" starttime="20230626 20:52:09.432" endtime="20230626 20:52:09.433"/>
</kw>
<status status="PASS" starttime="20230626 20:52:09.430" endtime="20230626 20:52:09.433"/>
</kw>
<kw name="Cadastrar o usuário criado na ServeRest" library="api_testing_usuarios">
<arg>email=${EMAIL_TESTE}</arg>
<arg>status_code_desejado=201</arg>
<kw name="Create Dictionary" library="BuiltIn">
<var>${body}</var>
<arg>nome=Fulano da Silva</arg>
<arg>email=${email}</arg>
<arg>password=1234</arg>
<arg>administrador=true</arg>
<doc>Creates and returns a dictionary based on the given ``items``.</doc>
<msg timestamp="20230626 20:52:09.434" level="INFO">${body} = {'nome': 'Fulano da Silva', 'email': 'aeky@emailteste.com', 'password': '1234', 'administrador': 'true'}</msg>
<status status="PASS" starttime="20230626 20:52:09.433" endtime="20230626 20:52:09.434"/>
</kw>
<kw name="Log" library="BuiltIn">
<arg>${body}</arg>
<doc>Logs the given message with the given level.</doc>
<msg timestamp="20230626 20:52:09.434" level="INFO">{'nome': 'Fulano da Silva', 'email': 'aeky@emailteste.com', 'password': '1234', 'administrador': 'true'}</msg>
<status status="PASS" starttime="20230626 20:52:09.434" endtime="20230626 20:52:09.434"/>
</kw>
<kw name="Criar Sessão na ServeRest" library="api_testing_usuarios">
<kw name="Create Dictionary" library="BuiltIn">
<var>${headers}</var>
<arg>accept=application/json</arg>
<arg>Content-Type=application/json</arg>
<doc>Creates and returns a dictionary based on the given ``items``.</doc>
<msg timestamp="20230626 20:52:09.435" level="INFO">${headers} = {'accept': 'application/json', 'Content-Type': 'application/json'}</msg>
<status status="PASS" starttime="20230626 20:52:09.435" endtime="20230626 20:52:09.435"/>
</kw>
<kw name="Create Session" library="RequestsLibrary">
<arg>alias=ServeRest</arg>
<arg>url=https://serverest.dev</arg>
<arg>headers=${headers}</arg>
<doc>Create Session: create a HTTP session to a server</doc>
<msg timestamp="20230626 20:52:09.435" level="INFO">Creating Session using : alias=ServeRest, url=https://serverest.dev, headers={'accept': 'application/json', 'Content-Type': 'application/json'},                     cookies={}, auth=None, timeout=None, proxies=None, verify=False,                     debug=0 </msg>
<status status="PASS" starttime="20230626 20:52:09.435" endtime="20230626 20:52:09.436"/>
</kw>
<status status="PASS" starttime="20230626 20:52:09.434" endtime="20230626 20:52:09.436"/>
</kw>
<kw name="POST On Session" library="RequestsLibrary">
<var>${resposta}</var>
<arg>alias=ServeRest</arg>
<arg>url=/usuarios</arg>
<arg>json=${body}</arg>
<arg>expected_status=${status_code_desejado}</arg>
<doc>Sends a POST request on a previously created HTTP Session.</doc>
<msg timestamp="20230626 20:52:09.803" level="INFO">POST Request : url=https://serverest.dev/usuarios 
 path_url=/usuarios 
 headers={'User-Agent': 'python-requests/2.31.0', 'Accept-Encoding': 'gzip, deflate', 'accept': 'application/json', 'Connection': 'keep-alive', 'Content-Type': 'application/json', 'Content-Length': '104'} 
 body=b'{"nome": "Fulano da Silva", "email": "aeky@emailteste.com", "password": "1234", "administrador": "true"}' 
 </msg>
<msg timestamp="20230626 20:52:09.804" level="INFO">POST Response : url=https://serverest.dev/usuarios 
 status=201, reason=Created 
 headers={'access-control-allow-origin': '*', 'x-dns-prefetch-control': 'off', 'x-frame-options': 'SAMEORIGIN', 'strict-transport-security': 'max-age=15552000; includeSubDomains', 'x-download-options': 'noopen', 'x-content-type-options': 'nosniff', 'x-xss-protection': '1; mode=block', 'x-moesif-transaction-id': '0f820e5b-504f-4fd3-aeae-39c7ed458c3d', 'content-type': 'application/json; charset=utf-8', 'X-Cloud-Trace-Context': '629801d3c55b65228e15a9bee7ae669a', 'Date': 'Mon, 26 Jun 2023 23:52:10 GMT', 'Server': 'Google Frontend', 'Content-Length': '82'} 
 body={
    "message": "Cadastro realizado com sucesso",
    "_id": "HdEqiI8oWAYLKmjM"
} 
 </msg>
<msg timestamp="20230626 20:52:09.804" level="INFO">C:\Users\pc01\AppData\Local\Programs\Python\Python311\Lib\site-packages\urllib3\connectionpool.py:1056: InsecureRequestWarning: Unverified HTTPS request is being made to host 'serverest.dev'. Adding certificate verification is strongly advised. See: https://urllib3.readthedocs.io/en/1.26.x/advanced-usage.html#ssl-warnings
  warnings.warn(</msg>
<msg timestamp="20230626 20:52:09.805" level="INFO">${resposta} = &lt;Response [201]&gt;</msg>
<status status="PASS" starttime="20230626 20:52:09.436" endtime="20230626 20:52:09.805"/>
</kw>
<kw name="Log" library="BuiltIn">
<arg>${resposta.json()}</arg>
<doc>Logs the given message with the given level.</doc>
<msg timestamp="20230626 20:52:09.806" level="INFO">{'message': 'Cadastro realizado com sucesso', '_id': 'HdEqiI8oWAYLKmjM'}</msg>
<status status="PASS" starttime="20230626 20:52:09.805" endtime="20230626 20:52:09.806"/>
</kw>
<if>
<branch type="IF" condition="${resposta.status_code} == 201">
<kw name="Set Test Variable" library="BuiltIn">
<arg>${ID_USUARIO}</arg>
<arg>${resposta.json()["_id"]}</arg>
<doc>Makes a variable available everywhere within the scope of the current test.</doc>
<msg timestamp="20230626 20:52:09.808" level="INFO">${ID_USUARIO} = HdEqiI8oWAYLKmjM</msg>
<status status="PASS" starttime="20230626 20:52:09.807" endtime="20230626 20:52:09.808"/>
</kw>
<status status="PASS" starttime="20230626 20:52:09.806" endtime="20230626 20:52:09.808"/>
</branch>
<status status="PASS" starttime="20230626 20:52:09.806" endtime="20230626 20:52:09.808"/>
</if>
<kw name="Set Test Variable" library="BuiltIn">
<arg>${RESPOSTA}</arg>
<arg>${resposta.json()}</arg>
<doc>Makes a variable available everywhere within the scope of the current test.</doc>
<msg timestamp="20230626 20:52:09.809" level="INFO">${RESPOSTA} = {'message': 'Cadastro realizado com sucesso', '_id': 'HdEqiI8oWAYLKmjM'}</msg>
<status status="PASS" starttime="20230626 20:52:09.808" endtime="20230626 20:52:09.809"/>
</kw>
<status status="PASS" starttime="20230626 20:52:09.433" endtime="20230626 20:52:09.809"/>
</kw>
<kw name="Realizar Login com o usuário" library="api_testing_usuarios">
<kw name="Create Dictionary" library="BuiltIn">
<var>${body}</var>
<arg>email=${EMAIL_TESTE}</arg>
<arg>password=1234</arg>
<doc>Creates and returns a dictionary based on the given ``items``.</doc>
<msg timestamp="20230626 20:52:09.810" level="INFO">${body} = {'email': 'aeky@emailteste.com', 'password': '1234'}</msg>
<status status="PASS" starttime="20230626 20:52:09.810" endtime="20230626 20:52:09.810"/>
</kw>
<kw name="Criar Sessão na ServeRest" library="api_testing_usuarios">
<kw name="Create Dictionary" library="BuiltIn">
<var>${headers}</var>
<arg>accept=application/json</arg>
<arg>Content-Type=application/json</arg>
<doc>Creates and returns a dictionary based on the given ``items``.</doc>
<msg timestamp="20230626 20:52:09.811" level="INFO">${headers} = {'accept': 'application/json', 'Content-Type': 'application/json'}</msg>
<status status="PASS" starttime="20230626 20:52:09.811" endtime="20230626 20:52:09.811"/>
</kw>
<kw name="Create Session" library="RequestsLibrary">
<arg>alias=ServeRest</arg>
<arg>url=https://serverest.dev</arg>
<arg>headers=${headers}</arg>
<doc>Create Session: create a HTTP session to a server</doc>
<msg timestamp="20230626 20:52:09.812" level="INFO">Creating Session using : alias=ServeRest, url=https://serverest.dev, headers={'accept': 'application/json', 'Content-Type': 'application/json'},                     cookies={}, auth=None, timeout=None, proxies=None, verify=False,                     debug=0 </msg>
<status status="PASS" starttime="20230626 20:52:09.811" endtime="20230626 20:52:09.812"/>
</kw>
<status status="PASS" starttime="20230626 20:52:09.810" endtime="20230626 20:52:09.812"/>
</kw>
<kw name="POST On Session" library="RequestsLibrary">
<var>${resposta}</var>
<arg>alias=ServeRest</arg>
<arg>url=/login</arg>
<arg>json=${body}</arg>
<arg>expected_status=200</arg>
<doc>Sends a POST request on a previously created HTTP Session.</doc>
<msg timestamp="20230626 20:52:10.188" level="INFO">POST Request : url=https://serverest.dev/login 
 path_url=/login 
 headers={'User-Agent': 'python-requests/2.31.0', 'Accept-Encoding': 'gzip, deflate', 'accept': 'application/json', 'Connection': 'keep-alive', 'Content-Type': 'application/json', 'Content-Length': '52'} 
 body=b'{"email": "aeky@emailteste.com", "password": "1234"}' 
 </msg>
<msg timestamp="20230626 20:52:10.188" level="INFO">POST Response : url=https://serverest.dev/login 
 status=200, reason=OK 
 headers={'access-control-allow-origin': '*', 'x-dns-prefetch-control': 'off', 'x-frame-options': 'SAMEORIGIN', 'strict-transport-security': 'max-age=15552000; includeSubDomains', 'x-download-options': 'noopen', 'x-content-type-options': 'nosniff', 'x-xss-protection': '1; mode=block', 'x-moesif-transaction-id': '0397498c-e87f-4acb-8b0d-d856b4c99b0c', 'content-type': 'application/json; charset=utf-8', 'X-Cloud-Trace-Context': '764143a7911db6bd32f2fe66e25499c4', 'Date': 'Mon, 26 Jun 2023 23:52:10 GMT', 'Server': 'Google Frontend', 'Content-Length': '272'} 
 body={
    "message": "Login realizado com sucesso",
    "authorization": "Bearer eyJhbGciOiJIUzI1NiIsInR5cCI6IkpXVCJ9.eyJlbWFpbCI6ImFla3lAZW1haWx0ZXN0ZS5jb20iLCJwYXNzd29yZCI6IjEyMzQiLCJpYXQiOjE2ODc4MjM1MzAsImV4cCI6MTY4NzgyNDEzMH0.rwPNthcglqSDcFMSVzV6kWI0BsFoJ2VT3flaBaTiBAM"
} 
 </msg>
<msg timestamp="20230626 20:52:10.188" level="INFO">C:\Users\pc01\AppData\Local\Programs\Python\Python311\Lib\site-packages\urllib3\connectionpool.py:1056: InsecureRequestWarning: Unverified HTTPS request is being made to host 'serverest.dev'. Adding certificate verification is strongly advised. See: https://urllib3.readthedocs.io/en/1.26.x/advanced-usage.html#ssl-warnings
  warnings.warn(</msg>
<msg timestamp="20230626 20:52:10.189" level="INFO">${resposta} = &lt;Response [200]&gt;</msg>
<status status="PASS" starttime="20230626 20:52:09.812" endtime="20230626 20:52:10.189"/>
</kw>
<kw name="Set Test Variable" library="BuiltIn">
<arg>${RESPOSTA}</arg>
<arg>${resposta.json()}</arg>
<doc>Makes a variable available everywhere within the scope of the current test.</doc>
<msg timestamp="20230626 20:52:10.190" level="INFO">${RESPOSTA} = {'message': 'Login realizado com sucesso', 'authorization': 'Bearer eyJhbGciOiJIUzI1NiIsInR5cCI6IkpXVCJ9.eyJlbWFpbCI6ImFla3lAZW1haWx0ZXN0ZS5jb20iLCJwYXNzd29yZCI6IjEyMzQiLCJpYXQiOjE2ODc4MjM1MzAsImV4cCI...</msg>
<status status="PASS" starttime="20230626 20:52:10.189" endtime="20230626 20:52:10.190"/>
</kw>
<status status="PASS" starttime="20230626 20:52:09.809" endtime="20230626 20:52:10.190"/>
</kw>
<kw name="Conferir se o Login ocorreu com sucesso" library="api_testing_usuarios">
<kw name="Log" library="BuiltIn">
<arg>${RESPOSTA}</arg>
<doc>Logs the given message with the given level.</doc>
<msg timestamp="20230626 20:52:10.191" level="INFO">{'message': 'Login realizado com sucesso', 'authorization': 'Bearer eyJhbGciOiJIUzI1NiIsInR5cCI6IkpXVCJ9.eyJlbWFpbCI6ImFla3lAZW1haWx0ZXN0ZS5jb20iLCJwYXNzd29yZCI6IjEyMzQiLCJpYXQiOjE2ODc4MjM1MzAsImV4cCI6MTY4NzgyNDEzMH0.rwPNthcglqSDcFMSVzV6kWI0BsFoJ2VT3flaBaTiBAM'}</msg>
<status status="PASS" starttime="20230626 20:52:10.191" endtime="20230626 20:52:10.191"/>
</kw>
<kw name="Dictionary Should Contain Item" library="Collections">
<arg>${RESPOSTA}</arg>
<arg>message</arg>
<arg>Login realizado com sucesso</arg>
<doc>An item of ``key`` / ``value`` must be found in a ``dictionary``.</doc>
<status status="PASS" starttime="20230626 20:52:10.191" endtime="20230626 20:52:10.191"/>
</kw>
<kw name="Dictionary Should Contain Key" library="Collections">
<arg>${RESPOSTA}</arg>
<arg>authorization</arg>
<doc>Fails if ``key`` is not found from ``dictionary``.</doc>
<status status="PASS" starttime="20230626 20:52:10.191" endtime="20230626 20:52:10.192"/>
</kw>
<status status="PASS" starttime="20230626 20:52:10.190" endtime="20230626 20:52:10.192"/>
</kw>
<status status="PASS" starttime="20230626 20:52:09.429" endtime="20230626 20:52:10.192"/>
</test>
<status status="PASS" starttime="20230626 20:52:07.628" endtime="20230626 20:52:10.194"/>
</suite>
<statistics>
<total>
<stat pass="4" fail="0" skip="0">All Tests</stat>
</total>
<tag>
</tag>
<suite>
<stat pass="4" fail="0" skip="0" id="s1" name="Api Testing Usuarios">Api Testing Usuarios</stat>
</suite>
</statistics>
<errors>
</errors>
</robot>
